# JRE version: Java(TM) SE Runtime Environment (8.0_101-b13) (build 1.8.0_101-b13)
# Java VM: Java HotSpot(TM) 64-Bit Server VM (25.101-b13 mixed mode windows-amd64 compressed oops)
Heap:
 PSYoungGen      total 205824K, used 126425K [0x00000000d5d00000, 0x00000000e3d80000, 0x0000000100000000)
  eden space 190976K, 58% used [0x00000000d5d00000,0x00000000dc9f66c0,0x00000000e1780000)
  from space 14848K, 99% used [0x00000000e2980000,0x00000000e37fffd8,0x00000000e3800000)
  to   space 18432K, 0% used [0x00000000e1780000,0x00000000e1780000,0x00000000e2980000)
 ParOldGen       total 90112K, used 21743K [0x0000000081600000, 0x0000000086e00000, 0x00000000d5d00000)
  object space 90112K, 24% used [0x0000000081600000,0x0000000082b3bc80,0x0000000086e00000)
 Metaspace       used 53690K, capacity 54322K, committed 54912K, reserved 1097728K
  class space    used 6526K, capacity 6691K, committed 6784K, reserved 1048576K
GC Heap History (10 events):
Event: 9.128 GC heap before
{Heap before GC invocations=10 (full 1):
 PSYoungGen      total 118272K, used 31250K [0x00000000d5d00000, 0x00000000de780000, 0x0000000100000000)
  eden space 107520K, 19% used [0x00000000d5d00000,0x00000000d7104cd0,0x00000000dc600000)
  from space 10752K, 99% used [0x00000000dd380000,0x00000000dddffce0,0x00000000dde00000)
  to   space 13824K, 0% used [0x00000000dc600000,0x00000000dc600000,0x00000000dd380000)
 ParOldGen       total 60416K, used 10511K [0x0000000081600000, 0x0000000085100000, 0x00000000d5d00000)
  object space 60416K, 17% used [0x0000000081600000,0x0000000082043e90,0x0000000085100000)
 Metaspace       used 34668K, capacity 35108K, committed 35416K, reserved 1081344K
  class space    used 4134K, capacity 4265K, committed 4352K, reserved 1048576K
Event: 9.148 GC heap after
Heap after GC invocations=10 (full 1):
 PSYoungGen      total 121344K, used 11770K [0x00000000d5d00000, 0x00000000e0d00000, 0x0000000100000000)
  eden space 107520K, 0% used [0x00000000d5d00000,0x00000000d5d00000,0x00000000dc600000)
  from space 13824K, 85% used [0x00000000dc600000,0x00000000dd17e830,0x00000000dd380000)
  to   space 14848K, 0% used [0x00000000dfe80000,0x00000000dfe80000,0x00000000e0d00000)
 ParOldGen       total 60416K, used 10519K [0x0000000081600000, 0x0000000085100000, 0x00000000d5d00000)
  object space 60416K, 17% used [0x0000000081600000,0x0000000082045e90,0x0000000085100000)
 Metaspace       used 34668K, capacity 35108K, committed 35416K, reserved 1081344K
  class space    used 4134K, capacity 4265K, committed 4352K, reserved 1048576K
}
Event: 9.148 GC heap before
{Heap before GC invocations=11 (full 2):
 PSYoungGen      total 121344K, used 11770K [0x00000000d5d00000, 0x00000000e0d00000, 0x0000000100000000)
  eden space 107520K, 0% used [0x00000000d5d00000,0x00000000d5d00000,0x00000000dc600000)
  from space 13824K, 85% used [0x00000000dc600000,0x00000000dd17e830,0x00000000dd380000)
  to   space 14848K, 0% used [0x00000000dfe80000,0x00000000dfe80000,0x00000000e0d00000)
 ParOldGen       total 60416K, used 10519K [0x0000000081600000, 0x0000000085100000, 0x00000000d5d00000)
  object space 60416K, 17% used [0x0000000081600000,0x0000000082045e90,0x0000000085100000)
 Metaspace       used 34668K, capacity 35108K, committed 35416K, reserved 1081344K
  class space    used 4134K, capacity 4265K, committed 4352K, reserved 1048576K
Event: 9.274 GC heap after
Heap after GC invocations=11 (full 2):
 PSYoungGen      total 121344K, used 0K [0x00000000d5d00000, 0x00000000e0d00000, 0x0000000100000000)
  eden space 107520K, 0% used [0x00000000d5d00000,0x00000000d5d00000,0x00000000dc600000)
  from space 13824K, 0% used [0x00000000dc600000,0x00000000dc600000,0x00000000dd380000)
  to   space 14848K, 0% used [0x00000000dfe80000,0x00000000dfe80000,0x00000000e0d00000)
 ParOldGen       total 90112K, used 17370K [0x0000000081600000, 0x0000000086e00000, 0x00000000d5d00000)
  object space 90112K, 19% used [0x0000000081600000,0x00000000826f6930,0x0000000086e00000)
 Metaspace       used 34668K, capacity 35108K, committed 35416K, reserved 1081344K
  class space    used 4134K, capacity 4265K, committed 4352K, reserved 1048576K
}
Event: 11.513 GC heap before
{Heap before GC invocations=12 (full 2):
 PSYoungGen      total 121344K, used 107520K [0x00000000d5d00000, 0x00000000e0d00000, 0x0000000100000000)
  eden space 107520K, 100% used [0x00000000d5d00000,0x00000000dc600000,0x00000000dc600000)
  from space 13824K, 0% used [0x00000000dc600000,0x00000000dc600000,0x00000000dd380000)
  to   space 14848K, 0% used [0x00000000dfe80000,0x00000000dfe80000,0x00000000e0d00000)
 ParOldGen       total 90112K, used 17370K [0x0000000081600000, 0x0000000086e00000, 0x00000000d5d00000)
  object space 90112K, 19% used [0x0000000081600000,0x00000000826f6930,0x0000000086e00000)
 Metaspace       used 36698K, capacity 37172K, committed 37632K, reserved 1083392K
  class space    used 4380K, capacity 4497K, committed 4608K, reserved 1048576K
Event: 11.531 GC heap after
Heap after GC invocations=12 (full 2):
 PSYoungGen      total 154112K, used 5154K [0x00000000d5d00000, 0x00000000e0780000, 0x0000000100000000)
  eden space 144896K, 0% used [0x00000000d5d00000,0x00000000d5d00000,0x00000000dea80000)
  from space 9216K, 55% used [0x00000000dfe80000,0x00000000e0388898,0x00000000e0780000)
  to   space 14848K, 0% used [0x00000000dea80000,0x00000000dea80000,0x00000000df900000)
 ParOldGen       total 90112K, used 17378K [0x0000000081600000, 0x0000000086e00000, 0x00000000d5d00000)
  object space 90112K, 19% used [0x0000000081600000,0x00000000826f8930,0x0000000086e00000)
 Metaspace       used 36698K, capacity 37172K, committed 37632K, reserved 1083392K
  class space    used 4380K, capacity 4497K, committed 4608K, reserved 1048576K
}
Event: 13.722 GC heap before
{Heap before GC invocations=13 (full 2):
 PSYoungGen      total 154112K, used 150050K [0x00000000d5d00000, 0x00000000e0780000, 0x0000000100000000)
  eden space 144896K, 100% used [0x00000000d5d00000,0x00000000dea80000,0x00000000dea80000)
  from space 9216K, 55% used [0x00000000dfe80000,0x00000000e0388898,0x00000000e0780000)
  to   space 14848K, 0% used [0x00000000dea80000,0x00000000dea80000,0x00000000df900000)
 ParOldGen       total 90112K, used 17378K [0x0000000081600000, 0x0000000086e00000, 0x00000000d5d00000)
  object space 90112K, 19% used [0x0000000081600000,0x00000000826f8930,0x0000000086e00000)
 Metaspace       used 40106K, capacity 40646K, committed 41088K, reserved 1085440K
  class space    used 4809K, capacity 4988K, committed 4992K, reserved 1048576K
Event: 13.772 GC heap after
Heap after GC invocations=13 (full 2):
 PSYoungGen      total 159744K, used 9607K [0x00000000d5d00000, 0x00000000e3800000, 0x0000000100000000)
  eden space 144896K, 0% used [0x00000000d5d00000,0x00000000d5d00000,0x00000000dea80000)
  from space 14848K, 64% used [0x00000000dea80000,0x00000000df3e1f38,0x00000000df900000)
  to   space 14848K, 0% used [0x00000000e2980000,0x00000000e2980000,0x00000000e3800000)
 ParOldGen       total 90112K, used 17386K [0x0000000081600000, 0x0000000086e00000, 0x00000000d5d00000)
  object space 90112K, 19% used [0x0000000081600000,0x00000000826fa930,0x0000000086e00000)
 Metaspace       used 40106K, capacity 40646K, committed 41088K, reserved 1085440K
  class space    used 4809K, capacity 4988K, committed 4992K, reserved 1048576K
}
Event: 19.389 GC heap before
{Heap before GC invocations=14 (full 2):
 PSYoungGen      total 159744K, used 154503K [0x00000000d5d00000, 0x00000000e3800000, 0x0000000100000000)
  eden space 144896K, 100% used [0x00000000d5d00000,0x00000000dea80000,0x00000000dea80000)
  from space 14848K, 64% used [0x00000000dea80000,0x00000000df3e1f38,0x00000000df900000)
  to   space 14848K, 0% used [0x00000000e2980000,0x00000000e2980000,0x00000000e3800000)
 ParOldGen       total 90112K, used 17386K [0x0000000081600000, 0x0000000086e00000, 0x00000000d5d00000)
  object space 90112K, 19% used [0x0000000081600000,0x00000000826fa930,0x0000000086e00000)
 Metaspace       used 50464K, capacity 51016K, committed 51456K, reserved 1093632K
  class space    used 6218K, capacity 6355K, committed 6400K, reserved 1048576K
Event: 19.498 GC heap after
Heap after GC invocations=14 (full 2):
 PSYoungGen      total 205824K, used 14847K [0x00000000d5d00000, 0x00000000e3d80000, 0x0000000100000000)
  eden space 190976K, 0% used [0x00000000d5d00000,0x00000000d5d00000,0x00000000e1780000)
  from space 14848K, 99% used [0x00000000e2980000,0x00000000e37fffd8,0x00000000e3800000)
  to   space 18432K, 0% used [0x00000000e1780000,0x00000000e1780000,0x00000000e2980000)
 ParOldGen       total 90112K, used 21743K [0x0000000081600000, 0x0000000086e00000, 0x00000000d5d00000)
  object space 90112K, 24% used [0x0000000081600000,0x0000000082b3bc80,0x0000000086e00000)
 Metaspace       used 50464K, capacity 51016K, committed 51456K, reserved 1093632K
  class space    used 6218K, capacity 6355K, committed 6400K, reserved 1048576K
}

